[2020-04-15T15:39:22.966] [ERROR] LOGS - not connected to database
[2020-04-15T15:39:22.977] [ERROR] LOGS - error : { MongooseServerSelectionError: connect ECONNREFUSED 127.0.0.1:27017
    at new MongooseServerSelectionError (E:\Projects\Practice\blog\backend\node_modules\mongoose\lib\error\serverSelection.js:22:11)
    at NativeConnection.Connection.openUri (E:\Projects\Practice\blog\backend\node_modules\mongoose\lib\connection.js:823:32)
    at Mongoose.connect (E:\Projects\Practice\blog\backend\node_modules\mongoose\lib\index.js:333:15)
    at Object.<anonymous> (E:\Projects\Practice\blog\backend\app.js:18:10)
    at Module._compile (internal/modules/cjs/loader.js:689:30)
    at Object.Module._extensions..js (internal/modules/cjs/loader.js:700:10)
    at Module.load (internal/modules/cjs/loader.js:599:32)
    at tryModuleLoad (internal/modules/cjs/loader.js:538:12)
    at Function.Module._load (internal/modules/cjs/loader.js:530:3)
    at Function.Module.runMain (internal/modules/cjs/loader.js:742:12)
    at startup (internal/bootstrap/node.js:283:19)
    at bootstrapNodeJSCore (internal/bootstrap/node.js:743:3)
  message: 'connect ECONNREFUSED 127.0.0.1:27017',
  name: 'MongooseServerSelectionError',
  reason:
   TopologyDescription {
     type: 'Single',
     setName: null,
     maxSetVersion: null,
     maxElectionId: null,
     servers: Map { 'localhost:27017' => [ServerDescription] },
     stale: false,
     compatible: true,
     compatibilityError: null,
     logicalSessionTimeoutMinutes: null,
     heartbeatFrequencyMS: 10000,
     localThresholdMS: 15,
     commonWireVersion: null },
  [Symbol(mongoErrorContextSymbol)]: {} }
[2020-04-15T15:39:55.991] [INFO] LOGS - connected to database
[2020-04-15T15:39:56.005] [INFO] LOGS - connected to server on port 3000
[2020-04-15T15:40:21.737] [INFO] LOGS - connected to database
[2020-04-15T15:40:21.743] [INFO] LOGS - connected to server on port 3000
[2020-04-15T15:42:55.755] [INFO] LOGS - login method
[2020-04-15T15:42:55.755] [INFO] LOGS - userEmail: vishnu@gmail.com
[2020-04-15T15:42:56.875] [INFO] LOGS - user loggedIn successfully.
[2020-04-15T15:43:30.521] [INFO] LOGS - Validating for token
[2020-04-15T15:43:30.522] [INFO] LOGS - decoding token using jwtSecretKey
[2020-04-15T15:43:30.524] [INFO] LOGS - token verified successfully
[2020-04-15T15:43:30.525] [INFO] LOGS - createBlog method
[2020-04-15T15:43:30.819] [INFO] LOGS - blog created successfully
[2020-04-15T15:43:42.879] [INFO] LOGS - getAllBlogs method
[2020-04-15T15:43:42.892] [INFO] LOGS - successfully data retrived
[2020-04-15T15:44:03.376] [INFO] LOGS - getAllBlogsWithRespectiveUser method
[2020-04-15T15:44:03.376] [INFO] LOGS - userEmail vishnu@gmail.com
[2020-04-15T15:44:03.385] [INFO] LOGS - user existed
[2020-04-15T15:44:04.551] [INFO] LOGS - blogs with user vishnu@gmail.com retrived successfully
[2020-04-15T15:46:31.292] [INFO] LOGS - getAllBlogs method
[2020-04-15T15:46:31.294] [INFO] LOGS - successfully data retrived
[2020-04-15T15:48:50.137] [INFO] LOGS - connected to database
[2020-04-15T15:48:50.151] [INFO] LOGS - connected to server on port 3000
[2020-04-15T15:48:55.548] [INFO] LOGS - getAllBlogs method
[2020-04-15T15:48:55.626] [INFO] LOGS - successfully data retrived
[2020-04-15T15:50:08.633] [INFO] LOGS - connected to database
[2020-04-15T15:50:08.642] [INFO] LOGS - connected to server on port 3000
[2020-04-15T15:50:13.483] [INFO] LOGS - getAllBlogs method
[2020-04-15T15:50:13.569] [INFO] LOGS - successfully data retrived
[2020-04-15T15:50:47.057] [INFO] LOGS - connected to database
[2020-04-15T15:50:47.074] [INFO] LOGS - connected to server on port 3000
[2020-04-15T15:50:51.862] [INFO] LOGS - getAllBlogs method
[2020-04-15T15:50:51.921] [INFO] LOGS - successfully data retrived
[2020-04-15T15:58:31.176] [INFO] LOGS - connected to database
[2020-04-15T15:58:31.184] [INFO] LOGS - connected to server on port 3000
[2020-04-15T15:58:57.141] [INFO] LOGS - connected to database
[2020-04-15T15:58:57.153] [INFO] LOGS - connected to server on port 3000
[2020-04-15T19:21:35.284] [INFO] LOGS - getAllBlogsWithRespectiveUser method
[2020-04-15T19:21:35.284] [INFO] LOGS - userEmail vishnu@gmail.com
[2020-04-15T19:21:35.302] [INFO] LOGS - user existed
[2020-04-15T19:21:35.306] [INFO] LOGS - blogs with user vishnu@gmail.com retrived successfully
[2020-04-15T19:39:32.471] [INFO] LOGS - connected to database
[2020-04-15T19:39:32.477] [INFO] LOGS - connected to server on port 3000
[2020-04-15T19:39:43.028] [INFO] LOGS - connected to database
[2020-04-15T19:39:43.033] [INFO] LOGS - connected to server on port 3000
[2020-04-15T19:39:58.189] [INFO] LOGS - connected to database
[2020-04-15T19:39:58.193] [INFO] LOGS - connected to server on port 3000
[2020-04-15T19:40:24.616] [INFO] LOGS - login method
[2020-04-15T19:40:24.616] [INFO] LOGS - userEmail: nikhil@gmail.com
[2020-04-15T19:40:25.049] [ERROR] LOGS - user password incorrect.
[2020-04-15T19:40:32.465] [INFO] LOGS - login method
[2020-04-15T19:40:32.465] [INFO] LOGS - userEmail: nikhil@gmail.com
[2020-04-15T19:40:32.833] [INFO] LOGS - user loggedIn successfully.
[2020-04-15T19:41:18.850] [INFO] LOGS - Validating for token
[2020-04-15T19:41:18.850] [INFO] LOGS - decoding token using jwtSecretKey
[2020-04-15T19:41:18.852] [INFO] LOGS - token verified successfully
[2020-04-15T19:41:18.852] [INFO] LOGS - createBlog method
[2020-04-15T19:41:18.863] [INFO] LOGS - blog created successfully
[2020-04-15T19:42:34.954] [INFO] LOGS - Validating for token
[2020-04-15T19:42:34.954] [INFO] LOGS - decoding token using jwtSecretKey
[2020-04-15T19:42:34.954] [INFO] LOGS - token verified successfully
[2020-04-15T19:42:34.954] [INFO] LOGS - createBlog method
[2020-04-15T19:42:34.958] [INFO] LOGS - blog created successfully
[2020-04-15T19:42:42.249] [INFO] LOGS - getAllBlogs method
[2020-04-15T19:42:42.324] [INFO] LOGS - successfully data retrived
[2020-04-15T19:43:29.571] [INFO] LOGS - getAllBlogsWithRespectiveUser method
[2020-04-15T19:43:29.571] [INFO] LOGS - userEmail nikhil@gmail.com
[2020-04-15T19:43:29.573] [INFO] LOGS - user existed
[2020-04-15T19:43:29.574] [INFO] LOGS - blogs with user nikhil@gmail.com retrived successfully
[2020-04-15T19:44:31.906] [INFO] LOGS - Validating for token
[2020-04-15T19:44:31.906] [INFO] LOGS - decoding token using jwtSecretKey
[2020-04-15T19:44:31.906] [INFO] LOGS - token verified successfully
[2020-04-15T19:44:31.907] [INFO] LOGS - deleteBlog method
[2020-04-15T19:44:31.909] [ERROR] LOGS - user is not allowed to delete the blog
[2020-04-15T19:47:18.863] [INFO] LOGS - connected to database
[2020-04-15T19:47:18.868] [INFO] LOGS - connected to server on port 3000
[2020-04-15T19:47:28.546] [INFO] LOGS - Validating for token
[2020-04-15T19:47:28.546] [INFO] LOGS - decoding token using jwtSecretKey
[2020-04-15T19:47:28.548] [INFO] LOGS - token verified successfully
[2020-04-15T19:47:28.548] [INFO] LOGS - deleteBlog method
[2020-04-15T19:47:28.568] [INFO] LOGS - blog.createdBy:  5e946a291c166942b4ae6044
[2020-04-15T19:47:28.568] [INFO] LOGS - userId:  5e946a291c166942b4ae6044
[2020-04-15T19:47:28.568] [ERROR] LOGS - user is not allowed to delete the blog
[2020-04-15T19:48:36.283] [INFO] LOGS - connected to database
[2020-04-15T19:48:36.288] [INFO] LOGS - connected to server on port 3000
[2020-04-15T19:48:40.975] [INFO] LOGS - Validating for token
[2020-04-15T19:48:40.975] [INFO] LOGS - decoding token using jwtSecretKey
[2020-04-15T19:48:40.982] [INFO] LOGS - token verified successfully
[2020-04-15T19:48:40.983] [INFO] LOGS - deleteBlog method
[2020-04-15T19:48:41.007] [INFO] LOGS - blog.createdBy:  5e946a291c166942b4ae6044
[2020-04-15T19:48:41.007] [INFO] LOGS - userId:  5e946a291c166942b4ae6044
[2020-04-15T19:48:41.031] [INFO] LOGS - blog deleted successfully
[2020-04-15T19:49:09.590] [INFO] LOGS - connected to database
[2020-04-15T19:49:09.595] [INFO] LOGS - connected to server on port 3000
[2020-04-15T19:49:44.534] [INFO] LOGS - Validating for token
[2020-04-15T19:49:44.535] [INFO] LOGS - decoding token using jwtSecretKey
[2020-04-15T19:49:44.538] [INFO] LOGS - token verified successfully
[2020-04-15T19:49:44.539] [INFO] LOGS - deleteBlog method
[2020-04-15T19:49:44.558] [ERROR] LOGS - blog id not found
[2020-04-15T19:49:58.502] [INFO] LOGS - getAllBlogsWithRespectiveUser method
[2020-04-15T19:49:58.502] [INFO] LOGS - userEmail nikhil@gmail.com
[2020-04-15T19:49:58.510] [INFO] LOGS - user existed
[2020-04-15T19:49:58.513] [INFO] LOGS - blogs with user nikhil@gmail.com retrived successfully
[2020-04-15T19:50:58.790] [INFO] LOGS - login method
[2020-04-15T19:50:58.790] [INFO] LOGS - userEmail: vishnu@gmail.com
[2020-04-15T19:50:59.167] [INFO] LOGS - user loggedIn successfully.
[2020-04-15T19:51:24.576] [INFO] LOGS - Validating for token
[2020-04-15T19:51:24.577] [INFO] LOGS - decoding token using jwtSecretKey
[2020-04-15T19:51:24.577] [INFO] LOGS - token verified successfully
[2020-04-15T19:51:24.577] [INFO] LOGS - deleteBlog method
[2020-04-15T19:51:24.579] [ERROR] LOGS - user is not allowed to delete the blog
